<?xml version="1.0" encoding="UTF-8" standalone="yes"?>
<testsuites name="test_init" time="211" tests="3" failures="0" errors="0">
    <testsuite name="test_init" tests="3" failures="0" errors="0" time="211" timestamp="2019-07-23 11:57:52" hostname="jenkins - 56a4f166d459" id="Test Suites/test_init">
        <properties>
            <property name="deviceName" value=""/>
            <property name="devicePlatform" value=""/>
            <property name="logFolder" value="/var/jenkins_home/workspace/test_job/test_auto/Reports/test_init/20190723_115736"/>
            <property name="logFiles" value="/var/jenkins_home/workspace/test_job/test_auto/Reports/test_init/20190723_115736/execution0.log"/>
            <property name="attachments" value="Reports/screenshots/chrome_checkpoint1.png, Reports/screenshots/chrome_checkpoint2.png, Reports/screenshots/chrome_checkpoint3.png, Reports/screenshots/chrome_checkpoint4.png, Reports/screenshots/chrome_checkpoint1.png, Reports/screenshots/chrome_checkpoint2.png, Reports/screenshots/chrome_checkpoint3.png, Reports/screenshots/chrome_checkpoint4.png, Reports/screenshots/chrome_checkpoint1.png, Reports/screenshots/chrome_checkpoint2.png, Reports/screenshots/chrome_checkpoint3.png, Reports/screenshots/chrome_checkpoint4.png"/>
            <property name="hostName" value="jenkins - 56a4f166d459"/>
            <property name="os" value="Linux 64bit"/>
            <property name="katalonVersion" value="6.2.1.2"/>
            <property name="browser" value="Chrome 75.0.3770.142"/>
            <property name="hostAddress" value="172.17.0.3"/>
            <property name="sessionId" value="c18ad8481eba8b2c927dc932ac21c7da"/>
            <property name="seleniumVersion" value="3.141.59"/>
            <property name="proxyInformation" value="ProxyInformation{proxyOption=NO_PROXY, proxyServerType=HTTP, password=, proxyServerAddress=, proxyServerPort=0}"/>
            <property name="platform" value="Linux"/>
        </properties>
        <testcase name="Test Cases/test_case_chrome" classname="Test Cases/test_case_chrome" status="PASSED">
            <system-out>2019-07-23 11:57:54 - [TEST_CASE][PASSED] - Test Cases/test_case_chrome: Test Cases/test_case_chrome

2019-07-23 11:57:57 - [TEST_STEP][PASSED] - openBrowser("https://www.google.fr/"): Browser is opened with url: 'https://www.google.fr/'

2019-07-23 11:57:58 - [MESSAGE][INFO] - Starting 'Chrome' driver

2019-07-23 11:57:58 - [MESSAGE][INFO] - Action delay is set to 0 seconds

2019-07-23 11:58:10 - [MESSAGE][PASSED] - Browser is opened with url: 'https://www.google.fr/'

2019-07-23 11:58:10 - [TEST_STEP][PASSED] - setText(findTestObject("Object Repository/Page_Google/input_Connexion_q"), "docker hub"): Text 'docker hub' is set on object 'Object Repository/Page_Google/input_Connexion_q'

2019-07-23 11:58:11 - [MESSAGE][PASSED] - Text 'docker hub' is set on object 'Object Repository/Page_Google/input_Connexion_q'

2019-07-23 11:58:11 - [TEST_STEP][PASSED] - click(findTestObject("Page_Google/bouton_recherche")): Object: 'Object Repository/Page_Google/bouton_recherche' is clicked on

2019-07-23 11:58:16 - [MESSAGE][PASSED] - Object: 'Object Repository/Page_Google/bouton_recherche' is clicked on

2019-07-23 11:58:16 - [TEST_STEP][PASSED] - click(findTestObject("Object Repository/Page_docker hub - Recherche Google/h3_Docker Hub")): Object: 'Object Repository/Page_docker hub - Recherche Google/h3_Docker Hub' is clicked on

2019-07-23 11:58:28 - [MESSAGE][PASSED] - Object: 'Object Repository/Page_docker hub - Recherche Google/h3_Docker Hub' is clicked on

2019-07-23 11:58:28 - [TEST_STEP][PASSED] - waitForPageLoad(5): Wait for page load successfully

2019-07-23 11:58:28 - [MESSAGE][PASSED] - Wait for page load successfully

2019-07-23 11:58:28 - [TEST_STEP][PASSED] - takeScreenshot("Reports/screenshots/chrome_checkpoint1.png"): Taking screenshot successfully

2019-07-23 11:58:30 - [MESSAGE][PASSED] - Taking screenshot successfully
[[ATTACHMENT|Reports/screenshots/chrome_checkpoint1.png]]

2019-07-23 11:58:30 - [TEST_STEP][PASSED] - click(findTestObject("Object Repository/Page_Docker Hub/div_Sign In")): Object: 'Object Repository/Page_Docker Hub/div_Sign In' is clicked on

2019-07-23 11:58:33 - [MESSAGE][PASSED] - Object: 'Object Repository/Page_Docker Hub/div_Sign In' is clicked on

2019-07-23 11:58:33 - [TEST_STEP][PASSED] - waitForPageLoad(5): Wait for page load successfully

2019-07-23 11:58:33 - [MESSAGE][PASSED] - Wait for page load successfully

2019-07-23 11:58:33 - [TEST_STEP][PASSED] - takeScreenshot("Reports/screenshots/chrome_checkpoint2.png"): Taking screenshot successfully

2019-07-23 11:58:35 - [MESSAGE][PASSED] - Taking screenshot successfully
[[ATTACHMENT|Reports/screenshots/chrome_checkpoint2.png]]

2019-07-23 11:58:35 - [TEST_STEP][PASSED] - setText(findTestObject("Object Repository/Page_Log in to Docker/input_Docker ID_nw_username"), "bart_the_wacky@hotmail.com"): Text 'bart_the_wacky@hotmail.com' is set on object 'Object Repository/Page_Log in to Docker/input_Docker ID_nw_username'

2019-07-23 11:58:36 - [MESSAGE][PASSED] - Text 'bart_the_wacky@hotmail.com' is set on object 'Object Repository/Page_Log in to Docker/input_Docker ID_nw_username'

2019-07-23 11:58:36 - [TEST_STEP][PASSED] - setEncryptedText(findTestObject("Object Repository/Page_Log in to Docker/input_Password_nw_password"), "mvMLieaRys7gdrS5YCR2pQ=="): Text ****** has been set on object 'Object Repository/Page_Log in to Docker/input_Password_nw_password'

2019-07-23 11:58:37 - [MESSAGE][PASSED] - Text ****** has been set on object 'Object Repository/Page_Log in to Docker/input_Password_nw_password'

2019-07-23 11:58:37 - [TEST_STEP][PASSED] - click(findTestObject("Object Repository/Page_Log in to Docker/button_Sign In")): Object: 'Object Repository/Page_Log in to Docker/button_Sign In' is clicked on

2019-07-23 11:58:38 - [MESSAGE][PASSED] - Object: 'Object Repository/Page_Log in to Docker/button_Sign In' is clicked on

2019-07-23 11:58:38 - [TEST_STEP][PASSED] - waitForPageLoad(10): Wait for page load successfully

2019-07-23 11:58:46 - [MESSAGE][PASSED] - Wait for page load successfully

2019-07-23 11:58:46 - [TEST_STEP][PASSED] - takeScreenshot("Reports/screenshots/chrome_checkpoint3.png"): Taking screenshot successfully

2019-07-23 11:58:47 - [MESSAGE][PASSED] - Taking screenshot successfully
[[ATTACHMENT|Reports/screenshots/chrome_checkpoint3.png]]

2019-07-23 11:58:47 - [TEST_STEP][PASSED] - click(findTestObject("Object Repository/Page_Docker Hub/span_squashtf_test")): Object: 'Object Repository/Page_Docker Hub/span_squashtf_test' is clicked on

2019-07-23 11:58:53 - [MESSAGE][PASSED] - Object: 'Object Repository/Page_Docker Hub/span_squashtf_test' is clicked on

2019-07-23 11:58:53 - [TEST_STEP][PASSED] - waitForElementClickable(findTestObject("Page_Docker Hub/span_squashtf_test"), 15): Web element with id: 'Object Repository/Page_Docker Hub/span_squashtf_test' located by 'By.xpath: //a[@data-testid='repositoryRowLink'][1]' not found

2019-07-23 11:59:10 - [MESSAGE][INFO] - Unable to find the element located by 'By.xpath: //a[@data-testid='repositoryRowLink'][1]'. Please recheck the objects properties to make sure the desired element is located. 

2019-07-23 11:59:10 - [MESSAGE][WARNING] - Web element with id: 'Object Repository/Page_Docker Hub/span_squashtf_test' located by 'By.xpath: //a[@data-testid='repositoryRowLink'][1]' not found

2019-07-23 11:59:10 - [TEST_STEP][PASSED] - takeScreenshot("Reports/screenshots/chrome_checkpoint4.png"): Taking screenshot successfully

2019-07-23 11:59:11 - [MESSAGE][PASSED] - Taking screenshot successfully
[[ATTACHMENT|Reports/screenshots/chrome_checkpoint4.png]]

2019-07-23 11:59:11 - [TEST_STEP][PASSED] - closeBrowser(): Browser is closed

2019-07-23 11:59:12 - [MESSAGE][PASSED] - Browser is closed</system-out>
            <system-err></system-err>
        </testcase>
        <testcase name="Test Cases/test_case_chrome" classname="Test Cases/test_case_chrome" status="PASSED">
            <system-out>2019-07-23 11:59:14 - [TEST_CASE][PASSED] - Test Cases/test_case_chrome: Test Cases/test_case_chrome

2019-07-23 11:59:14 - [TEST_STEP][PASSED] - openBrowser("https://www.google.fr/"): Browser is opened with url: 'https://www.google.fr/'

2019-07-23 11:59:14 - [MESSAGE][INFO] - Starting 'Chrome' driver

2019-07-23 11:59:21 - [MESSAGE][PASSED] - Browser is opened with url: 'https://www.google.fr/'

2019-07-23 11:59:21 - [TEST_STEP][PASSED] - setText(findTestObject("Object Repository/Page_Google/input_Connexion_q"), "docker hub"): Text 'docker hub' is set on object 'Object Repository/Page_Google/input_Connexion_q'

2019-07-23 11:59:22 - [MESSAGE][PASSED] - Text 'docker hub' is set on object 'Object Repository/Page_Google/input_Connexion_q'

2019-07-23 11:59:22 - [TEST_STEP][PASSED] - click(findTestObject("Page_Google/bouton_recherche")): Object: 'Object Repository/Page_Google/bouton_recherche' is clicked on

2019-07-23 11:59:25 - [MESSAGE][PASSED] - Object: 'Object Repository/Page_Google/bouton_recherche' is clicked on

2019-07-23 11:59:25 - [TEST_STEP][PASSED] - click(findTestObject("Object Repository/Page_docker hub - Recherche Google/h3_Docker Hub")): Object: 'Object Repository/Page_docker hub - Recherche Google/h3_Docker Hub' is clicked on

2019-07-23 11:59:35 - [MESSAGE][PASSED] - Object: 'Object Repository/Page_docker hub - Recherche Google/h3_Docker Hub' is clicked on

2019-07-23 11:59:35 - [TEST_STEP][PASSED] - waitForPageLoad(5): Wait for page load successfully

2019-07-23 11:59:35 - [MESSAGE][PASSED] - Wait for page load successfully

2019-07-23 11:59:35 - [TEST_STEP][PASSED] - takeScreenshot("Reports/screenshots/chrome_checkpoint1.png"): Taking screenshot successfully

2019-07-23 11:59:35 - [MESSAGE][PASSED] - Taking screenshot successfully
[[ATTACHMENT|Reports/screenshots/chrome_checkpoint1.png]]

2019-07-23 11:59:35 - [TEST_STEP][PASSED] - click(findTestObject("Object Repository/Page_Docker Hub/div_Sign In")): Object: 'Object Repository/Page_Docker Hub/div_Sign In' is clicked on

2019-07-23 11:59:38 - [MESSAGE][PASSED] - Object: 'Object Repository/Page_Docker Hub/div_Sign In' is clicked on

2019-07-23 11:59:38 - [TEST_STEP][PASSED] - waitForPageLoad(5): Wait for page load successfully

2019-07-23 11:59:38 - [MESSAGE][PASSED] - Wait for page load successfully

2019-07-23 11:59:38 - [TEST_STEP][PASSED] - takeScreenshot("Reports/screenshots/chrome_checkpoint2.png"): Taking screenshot successfully

2019-07-23 11:59:40 - [MESSAGE][PASSED] - Taking screenshot successfully
[[ATTACHMENT|Reports/screenshots/chrome_checkpoint2.png]]

2019-07-23 11:59:40 - [TEST_STEP][PASSED] - setText(findTestObject("Object Repository/Page_Log in to Docker/input_Docker ID_nw_username"), "bart_the_wacky@hotmail.com"): Text 'bart_the_wacky@hotmail.com' is set on object 'Object Repository/Page_Log in to Docker/input_Docker ID_nw_username'

2019-07-23 11:59:41 - [MESSAGE][PASSED] - Text 'bart_the_wacky@hotmail.com' is set on object 'Object Repository/Page_Log in to Docker/input_Docker ID_nw_username'

2019-07-23 11:59:41 - [TEST_STEP][PASSED] - setEncryptedText(findTestObject("Object Repository/Page_Log in to Docker/input_Password_nw_password"), "mvMLieaRys7gdrS5YCR2pQ=="): Text ****** has been set on object 'Object Repository/Page_Log in to Docker/input_Password_nw_password'

2019-07-23 11:59:42 - [MESSAGE][PASSED] - Text ****** has been set on object 'Object Repository/Page_Log in to Docker/input_Password_nw_password'

2019-07-23 11:59:42 - [TEST_STEP][PASSED] - click(findTestObject("Object Repository/Page_Log in to Docker/button_Sign In")): Object: 'Object Repository/Page_Log in to Docker/button_Sign In' is clicked on

2019-07-23 11:59:42 - [MESSAGE][PASSED] - Object: 'Object Repository/Page_Log in to Docker/button_Sign In' is clicked on

2019-07-23 11:59:42 - [TEST_STEP][PASSED] - waitForPageLoad(10): Wait for page load successfully

2019-07-23 11:59:42 - [MESSAGE][PASSED] - Wait for page load successfully

2019-07-23 11:59:42 - [TEST_STEP][PASSED] - takeScreenshot("Reports/screenshots/chrome_checkpoint3.png"): Taking screenshot successfully

2019-07-23 11:59:51 - [MESSAGE][PASSED] - Taking screenshot successfully
[[ATTACHMENT|Reports/screenshots/chrome_checkpoint3.png]]

2019-07-23 11:59:51 - [TEST_STEP][PASSED] - click(findTestObject("Object Repository/Page_Docker Hub/span_squashtf_test")): Object: 'Object Repository/Page_Docker Hub/span_squashtf_test' is clicked on

2019-07-23 11:59:56 - [MESSAGE][PASSED] - Object: 'Object Repository/Page_Docker Hub/span_squashtf_test' is clicked on

2019-07-23 11:59:56 - [TEST_STEP][PASSED] - waitForElementClickable(findTestObject("Page_Docker Hub/span_squashtf_test"), 15): Web element with id: 'Object Repository/Page_Docker Hub/span_squashtf_test' located by 'By.xpath: //a[@data-testid='repositoryRowLink'][1]' not found

2019-07-23 12:00:13 - [MESSAGE][INFO] - Unable to find the element located by 'By.xpath: //a[@data-testid='repositoryRowLink'][1]'. Please recheck the objects properties to make sure the desired element is located. 

2019-07-23 12:00:13 - [MESSAGE][WARNING] - Web element with id: 'Object Repository/Page_Docker Hub/span_squashtf_test' located by 'By.xpath: //a[@data-testid='repositoryRowLink'][1]' not found

2019-07-23 12:00:13 - [TEST_STEP][PASSED] - takeScreenshot("Reports/screenshots/chrome_checkpoint4.png"): Taking screenshot successfully

2019-07-23 12:00:14 - [MESSAGE][PASSED] - Taking screenshot successfully
[[ATTACHMENT|Reports/screenshots/chrome_checkpoint4.png]]

2019-07-23 12:00:14 - [TEST_STEP][PASSED] - closeBrowser(): Browser is closed

2019-07-23 12:00:14 - [MESSAGE][PASSED] - Browser is closed</system-out>
            <system-err></system-err>
        </testcase>
        <testcase name="Test Cases/test_case_chrome" classname="Test Cases/test_case_chrome" status="PASSED">
            <system-out>2019-07-23 12:00:17 - [TEST_CASE][PASSED] - Test Cases/test_case_chrome: Test Cases/test_case_chrome

2019-07-23 12:00:17 - [TEST_STEP][PASSED] - openBrowser("https://www.google.fr/"): Browser is opened with url: 'https://www.google.fr/'

2019-07-23 12:00:17 - [MESSAGE][INFO] - Starting 'Chrome' driver

2019-07-23 12:00:24 - [MESSAGE][PASSED] - Browser is opened with url: 'https://www.google.fr/'

2019-07-23 12:00:24 - [TEST_STEP][PASSED] - setText(findTestObject("Object Repository/Page_Google/input_Connexion_q"), "docker hub"): Text 'docker hub' is set on object 'Object Repository/Page_Google/input_Connexion_q'

2019-07-23 12:00:25 - [MESSAGE][PASSED] - Text 'docker hub' is set on object 'Object Repository/Page_Google/input_Connexion_q'

2019-07-23 12:00:25 - [TEST_STEP][PASSED] - click(findTestObject("Page_Google/bouton_recherche")): Object: 'Object Repository/Page_Google/bouton_recherche' is clicked on

2019-07-23 12:00:28 - [MESSAGE][PASSED] - Object: 'Object Repository/Page_Google/bouton_recherche' is clicked on

2019-07-23 12:00:28 - [TEST_STEP][PASSED] - click(findTestObject("Object Repository/Page_docker hub - Recherche Google/h3_Docker Hub")): Object: 'Object Repository/Page_docker hub - Recherche Google/h3_Docker Hub' is clicked on

2019-07-23 12:00:40 - [MESSAGE][PASSED] - Object: 'Object Repository/Page_docker hub - Recherche Google/h3_Docker Hub' is clicked on

2019-07-23 12:00:40 - [TEST_STEP][PASSED] - waitForPageLoad(5): Wait for page load successfully

2019-07-23 12:00:40 - [MESSAGE][PASSED] - Wait for page load successfully

2019-07-23 12:00:40 - [TEST_STEP][PASSED] - takeScreenshot("Reports/screenshots/chrome_checkpoint1.png"): Taking screenshot successfully

2019-07-23 12:00:40 - [MESSAGE][PASSED] - Taking screenshot successfully
[[ATTACHMENT|Reports/screenshots/chrome_checkpoint1.png]]

2019-07-23 12:00:40 - [TEST_STEP][PASSED] - click(findTestObject("Object Repository/Page_Docker Hub/div_Sign In")): Object: 'Object Repository/Page_Docker Hub/div_Sign In' is clicked on

2019-07-23 12:00:42 - [MESSAGE][PASSED] - Object: 'Object Repository/Page_Docker Hub/div_Sign In' is clicked on

2019-07-23 12:00:42 - [TEST_STEP][PASSED] - waitForPageLoad(5): Wait for page load successfully

2019-07-23 12:00:42 - [MESSAGE][PASSED] - Wait for page load successfully

2019-07-23 12:00:42 - [TEST_STEP][PASSED] - takeScreenshot("Reports/screenshots/chrome_checkpoint2.png"): Taking screenshot successfully

2019-07-23 12:00:45 - [MESSAGE][PASSED] - Taking screenshot successfully
[[ATTACHMENT|Reports/screenshots/chrome_checkpoint2.png]]

2019-07-23 12:00:45 - [TEST_STEP][PASSED] - setText(findTestObject("Object Repository/Page_Log in to Docker/input_Docker ID_nw_username"), "bart_the_wacky@hotmail.com"): Text 'bart_the_wacky@hotmail.com' is set on object 'Object Repository/Page_Log in to Docker/input_Docker ID_nw_username'

2019-07-23 12:00:46 - [MESSAGE][PASSED] - Text 'bart_the_wacky@hotmail.com' is set on object 'Object Repository/Page_Log in to Docker/input_Docker ID_nw_username'

2019-07-23 12:00:46 - [TEST_STEP][PASSED] - setEncryptedText(findTestObject("Object Repository/Page_Log in to Docker/input_Password_nw_password"), "mvMLieaRys7gdrS5YCR2pQ=="): Text ****** has been set on object 'Object Repository/Page_Log in to Docker/input_Password_nw_password'

2019-07-23 12:00:46 - [MESSAGE][PASSED] - Text ****** has been set on object 'Object Repository/Page_Log in to Docker/input_Password_nw_password'

2019-07-23 12:00:46 - [TEST_STEP][PASSED] - click(findTestObject("Object Repository/Page_Log in to Docker/button_Sign In")): Object: 'Object Repository/Page_Log in to Docker/button_Sign In' is clicked on

2019-07-23 12:00:47 - [MESSAGE][PASSED] - Object: 'Object Repository/Page_Log in to Docker/button_Sign In' is clicked on

2019-07-23 12:00:47 - [TEST_STEP][PASSED] - waitForPageLoad(10): Wait for page load successfully

2019-07-23 12:00:47 - [MESSAGE][PASSED] - Wait for page load successfully

2019-07-23 12:00:47 - [TEST_STEP][PASSED] - takeScreenshot("Reports/screenshots/chrome_checkpoint3.png"): Taking screenshot successfully

2019-07-23 12:00:56 - [MESSAGE][PASSED] - Taking screenshot successfully
[[ATTACHMENT|Reports/screenshots/chrome_checkpoint3.png]]

2019-07-23 12:00:56 - [TEST_STEP][PASSED] - click(findTestObject("Object Repository/Page_Docker Hub/span_squashtf_test")): Object: 'Object Repository/Page_Docker Hub/span_squashtf_test' is clicked on

2019-07-23 12:01:03 - [MESSAGE][PASSED] - Object: 'Object Repository/Page_Docker Hub/span_squashtf_test' is clicked on

2019-07-23 12:01:04 - [TEST_STEP][PASSED] - waitForElementClickable(findTestObject("Page_Docker Hub/span_squashtf_test"), 15): Web element with id: 'Object Repository/Page_Docker Hub/span_squashtf_test' located by 'By.xpath: //a[@data-testid='repositoryRowLink'][1]' not found

2019-07-23 12:01:20 - [MESSAGE][INFO] - Unable to find the element located by 'By.xpath: //a[@data-testid='repositoryRowLink'][1]'. Please recheck the objects properties to make sure the desired element is located. 

2019-07-23 12:01:20 - [MESSAGE][WARNING] - Web element with id: 'Object Repository/Page_Docker Hub/span_squashtf_test' located by 'By.xpath: //a[@data-testid='repositoryRowLink'][1]' not found

2019-07-23 12:01:20 - [TEST_STEP][PASSED] - takeScreenshot("Reports/screenshots/chrome_checkpoint4.png"): Taking screenshot successfully

2019-07-23 12:01:21 - [MESSAGE][PASSED] - Taking screenshot successfully
[[ATTACHMENT|Reports/screenshots/chrome_checkpoint4.png]]

2019-07-23 12:01:21 - [TEST_STEP][PASSED] - closeBrowser(): Browser is closed

2019-07-23 12:01:22 - [MESSAGE][PASSED] - Browser is closed</system-out>
            <system-err></system-err>
        </testcase>
        <system-out>2019-07-23 11:57:52 - [TEST_SUITE][INCOMPLETE] - test_init: null</system-out>
        <system-err>2019-07-23 11:57:52 - [TEST_SUITE][INCOMPLETE] - test_init: null</system-err>
    </testsuite>
</testsuites>
