<?xml version="1.0" encoding="UTF-8" standalone="yes"?>
<testsuites name="test_firefox" time="85" tests="1" failures="0" errors="0">
    <testsuite name="test_firefox" tests="1" failures="0" errors="0" time="85" timestamp="2019-07-22 14:28:21" hostname="jenkins - 35d541c11c60" id="Test Suites/test_firefox">
        <properties>
            <property name="deviceName" value=""/>
            <property name="devicePlatform" value=""/>
            <property name="logFolder" value="/var/jenkins_home/workspace/test_job/test_auto/Reports/test_firefox/20190722_142807"/>
            <property name="logFiles" value="/var/jenkins_home/workspace/test_job/test_auto/Reports/test_firefox/20190722_142807/execution0.log"/>
            <property name="attachments" value="Reports/screenshots/firefox_checkpoint1.png, Reports/screenshots/firefox_checkpoint2.png, Reports/screenshots/firefox_checkpoint3.png, Reports/screenshots/firefox_checkpoint4.png"/>
            <property name="hostName" value="jenkins - 35d541c11c60"/>
            <property name="os" value="Linux 64bit"/>
            <property name="katalonVersion" value="6.2.1.2"/>
            <property name="browser" value="Firefox 60.0"/>
            <property name="hostAddress" value="172.17.0.5"/>
            <property name="sessionId" value="a1658c45-3407-476c-a9d9-ed76b2e85fa2"/>
            <property name="seleniumVersion" value="3.141.59"/>
            <property name="proxyInformation" value="ProxyInformation{proxyOption=NO_PROXY, proxyServerType=HTTP, password=, proxyServerAddress=, proxyServerPort=0}"/>
            <property name="platform" value="Linux"/>
        </properties>
        <testcase name="Test Cases/test_case_firefox" classname="Test Cases/test_case_firefox" status="PASSED">
            <system-out>2019-07-22 14:28:22 - [TEST_CASE][PASSED] - Test Cases/test_case_firefox: Test Cases/test_case_firefox

2019-07-22 14:28:24 - [TEST_STEP][PASSED] - openBrowser("https://www.google.fr/"): Browser is opened with url: 'https://www.google.fr/'

2019-07-22 14:28:25 - [MESSAGE][INFO] - Starting 'Firefox' driver

2019-07-22 14:28:26 - [MESSAGE][INFO] - Action delay is set to 0 seconds

2019-07-22 14:28:46 - [MESSAGE][PASSED] - Browser is opened with url: 'https://www.google.fr/'

2019-07-22 14:28:46 - [TEST_STEP][PASSED] - setText(findTestObject("Object Repository/Page_Google/input_Connexion_q"), "docker hub"): Text 'docker hub' is set on object 'Object Repository/Page_Google/input_Connexion_q'

2019-07-22 14:28:47 - [MESSAGE][PASSED] - Text 'docker hub' is set on object 'Object Repository/Page_Google/input_Connexion_q'

2019-07-22 14:28:47 - [TEST_STEP][PASSED] - click(findTestObject("Page_Google/bouton_recherche")): Object: 'Object Repository/Page_Google/bouton_recherche' is clicked on

2019-07-22 14:28:51 - [MESSAGE][PASSED] - Object: 'Object Repository/Page_Google/bouton_recherche' is clicked on

2019-07-22 14:28:51 - [TEST_STEP][PASSED] - click(findTestObject("Object Repository/Page_docker hub - Recherche Google/h3_Docker Hub")): Object: 'Object Repository/Page_docker hub - Recherche Google/h3_Docker Hub' is clicked on

2019-07-22 14:29:10 - [MESSAGE][PASSED] - Object: 'Object Repository/Page_docker hub - Recherche Google/h3_Docker Hub' is clicked on

2019-07-22 14:29:10 - [TEST_STEP][PASSED] - takeScreenshot("Reports/screenshots/firefox_checkpoint1.png"): Taking screenshot successfully

2019-07-22 14:29:10 - [MESSAGE][PASSED] - Taking screenshot successfully
[[ATTACHMENT|Reports/screenshots/firefox_checkpoint1.png]]

2019-07-22 14:29:10 - [TEST_STEP][PASSED] - click(findTestObject("Object Repository/Page_Docker Hub/div_Sign In")): Object: 'Object Repository/Page_Docker Hub/div_Sign In' is clicked on

2019-07-22 14:29:13 - [MESSAGE][PASSED] - Object: 'Object Repository/Page_Docker Hub/div_Sign In' is clicked on

2019-07-22 14:29:13 - [TEST_STEP][PASSED] - takeScreenshot("Reports/screenshots/firefox_checkpoint2.png"): Taking screenshot successfully

2019-07-22 14:29:14 - [MESSAGE][PASSED] - Taking screenshot successfully
[[ATTACHMENT|Reports/screenshots/firefox_checkpoint2.png]]

2019-07-22 14:29:14 - [TEST_STEP][PASSED] - setText(findTestObject("Object Repository/Page_Log in to Docker/input_Docker ID_nw_username"), "bart_the_wacky@hotmail.com"): Text 'bart_the_wacky@hotmail.com' is set on object 'Object Repository/Page_Log in to Docker/input_Docker ID_nw_username'

2019-07-22 14:29:15 - [MESSAGE][PASSED] - Text 'bart_the_wacky@hotmail.com' is set on object 'Object Repository/Page_Log in to Docker/input_Docker ID_nw_username'

2019-07-22 14:29:15 - [TEST_STEP][PASSED] - setEncryptedText(findTestObject("Object Repository/Page_Log in to Docker/input_Password_nw_password"), "mvMLieaRys7gdrS5YCR2pQ=="): Text ****** has been set on object 'Object Repository/Page_Log in to Docker/input_Password_nw_password'

2019-07-22 14:29:16 - [MESSAGE][PASSED] - Text ****** has been set on object 'Object Repository/Page_Log in to Docker/input_Password_nw_password'

2019-07-22 14:29:16 - [TEST_STEP][PASSED] - click(findTestObject("Object Repository/Page_Log in to Docker/button_Sign In")): Object: 'Object Repository/Page_Log in to Docker/button_Sign In' is clicked on

2019-07-22 14:29:31 - [MESSAGE][PASSED] - Object: 'Object Repository/Page_Log in to Docker/button_Sign In' is clicked on

2019-07-22 14:29:31 - [TEST_STEP][PASSED] - takeScreenshot("Reports/screenshots/firefox_checkpoint3.png"): Taking screenshot successfully

2019-07-22 14:29:31 - [MESSAGE][PASSED] - Taking screenshot successfully
[[ATTACHMENT|Reports/screenshots/firefox_checkpoint3.png]]

2019-07-22 14:29:31 - [TEST_STEP][PASSED] - click(findTestObject("Object Repository/Page_Docker Hub/span_squashtf_test")): Object: 'Object Repository/Page_Docker Hub/span_squashtf_test' is clicked on

2019-07-22 14:29:40 - [MESSAGE][PASSED] - Object: 'Object Repository/Page_Docker Hub/span_squashtf_test' is clicked on

2019-07-22 14:29:40 - [TEST_STEP][PASSED] - takeScreenshot("Reports/screenshots/firefox_checkpoint4.png"): Taking screenshot successfully

2019-07-22 14:29:41 - [MESSAGE][PASSED] - Taking screenshot successfully
[[ATTACHMENT|Reports/screenshots/firefox_checkpoint4.png]]

2019-07-22 14:29:41 - [TEST_STEP][PASSED] - closeBrowser(): Browser is closed

2019-07-22 14:29:44 - [MESSAGE][PASSED] - Browser is closed</system-out>
            <system-err></system-err>
        </testcase>
        <system-out>2019-07-22 14:28:21 - [TEST_SUITE][INCOMPLETE] - test_firefox: null</system-out>
        <system-err>2019-07-22 14:28:21 - [TEST_SUITE][INCOMPLETE] - test_firefox: null</system-err>
    </testsuite>
</testsuites>
