<?xml version="1.0" encoding="UTF-8" standalone="yes"?>
<testsuites name="test_init" time="159" tests="3" failures="0" errors="0">
    <testsuite name="test_init" tests="3" failures="0" errors="0" time="159" timestamp="2019-07-23 08:54:40" hostname="jenkins - 56a4f166d459" id="Test Suites/test_init">
        <properties>
            <property name="deviceName" value=""/>
            <property name="devicePlatform" value=""/>
            <property name="logFolder" value="/var/jenkins_home/workspace/test_job/test_auto/Reports/test_init/20190723_085425"/>
            <property name="logFiles" value="/var/jenkins_home/workspace/test_job/test_auto/Reports/test_init/20190723_085425/execution0.log"/>
            <property name="attachments" value="Reports/screenshots/chrome_checkpoint1.png, Reports/screenshots/chrome_checkpoint2.png, Reports/screenshots/chrome_checkpoint3.png, Reports/screenshots/chrome_checkpoint4.png, Reports/screenshots/chrome_checkpoint1.png, Reports/screenshots/chrome_checkpoint2.png, Reports/screenshots/chrome_checkpoint3.png, Reports/screenshots/chrome_checkpoint4.png, Reports/screenshots/chrome_checkpoint1.png, Reports/screenshots/chrome_checkpoint2.png, Reports/screenshots/chrome_checkpoint3.png, Reports/screenshots/chrome_checkpoint4.png"/>
            <property name="hostName" value="jenkins - 56a4f166d459"/>
            <property name="os" value="Linux 64bit"/>
            <property name="katalonVersion" value="6.2.1.2"/>
            <property name="browser" value="Chrome 75.0.3770.142"/>
            <property name="hostAddress" value="172.17.0.3"/>
            <property name="sessionId" value="17b75c03969928048d8c7dc2914aa23e"/>
            <property name="seleniumVersion" value="3.141.59"/>
            <property name="proxyInformation" value="ProxyInformation{proxyOption=NO_PROXY, proxyServerType=HTTP, password=, proxyServerAddress=, proxyServerPort=0}"/>
            <property name="platform" value="Linux"/>
        </properties>
        <testcase name="Test Cases/test_case_chrome" classname="Test Cases/test_case_chrome" status="PASSED">
            <system-out>2019-07-23 08:54:41 - [TEST_CASE][PASSED] - Test Cases/test_case_chrome: Test Cases/test_case_chrome

2019-07-23 08:54:44 - [TEST_STEP][PASSED] - openBrowser("https://www.google.fr/"): Browser is opened with url: 'https://www.google.fr/'

2019-07-23 08:54:45 - [MESSAGE][INFO] - Starting 'Chrome' driver

2019-07-23 08:54:45 - [MESSAGE][INFO] - Action delay is set to 0 seconds

2019-07-23 08:54:57 - [MESSAGE][PASSED] - Browser is opened with url: 'https://www.google.fr/'

2019-07-23 08:54:57 - [TEST_STEP][PASSED] - setText(findTestObject("Object Repository/Page_Google/input_Connexion_q"), "docker hub"): Text 'docker hub' is set on object 'Object Repository/Page_Google/input_Connexion_q'

2019-07-23 08:54:58 - [MESSAGE][PASSED] - Text 'docker hub' is set on object 'Object Repository/Page_Google/input_Connexion_q'

2019-07-23 08:54:58 - [TEST_STEP][PASSED] - click(findTestObject("Page_Google/bouton_recherche")): Object: 'Object Repository/Page_Google/bouton_recherche' is clicked on

2019-07-23 08:55:02 - [MESSAGE][PASSED] - Object: 'Object Repository/Page_Google/bouton_recherche' is clicked on

2019-07-23 08:55:02 - [TEST_STEP][PASSED] - click(findTestObject("Object Repository/Page_docker hub - Recherche Google/h3_Docker Hub")): Object: 'Object Repository/Page_docker hub - Recherche Google/h3_Docker Hub' is clicked on

2019-07-23 08:55:12 - [MESSAGE][PASSED] - Object: 'Object Repository/Page_docker hub - Recherche Google/h3_Docker Hub' is clicked on

2019-07-23 08:55:12 - [TEST_STEP][PASSED] - waitForPageLoad(3): Wait for page load successfully

2019-07-23 08:55:12 - [MESSAGE][PASSED] - Wait for page load successfully

2019-07-23 08:55:12 - [TEST_STEP][PASSED] - takeScreenshot("Reports/screenshots/chrome_checkpoint1.png"): Taking screenshot successfully

2019-07-23 08:55:13 - [MESSAGE][PASSED] - Taking screenshot successfully
[[ATTACHMENT|Reports/screenshots/chrome_checkpoint1.png]]

2019-07-23 08:55:13 - [TEST_STEP][PASSED] - click(findTestObject("Object Repository/Page_Docker Hub/div_Sign In")): Object: 'Object Repository/Page_Docker Hub/div_Sign In' is clicked on

2019-07-23 08:55:16 - [MESSAGE][PASSED] - Object: 'Object Repository/Page_Docker Hub/div_Sign In' is clicked on

2019-07-23 08:55:16 - [TEST_STEP][PASSED] - waitForPageLoad(3): Wait for page load successfully

2019-07-23 08:55:17 - [MESSAGE][PASSED] - Wait for page load successfully

2019-07-23 08:55:17 - [TEST_STEP][PASSED] - takeScreenshot("Reports/screenshots/chrome_checkpoint2.png"): Taking screenshot successfully

2019-07-23 08:55:19 - [MESSAGE][PASSED] - Taking screenshot successfully
[[ATTACHMENT|Reports/screenshots/chrome_checkpoint2.png]]

2019-07-23 08:55:19 - [TEST_STEP][PASSED] - setText(findTestObject("Object Repository/Page_Log in to Docker/input_Docker ID_nw_username"), "bart_the_wacky@hotmail.com"): Text 'bart_the_wacky@hotmail.com' is set on object 'Object Repository/Page_Log in to Docker/input_Docker ID_nw_username'

2019-07-23 08:55:20 - [MESSAGE][PASSED] - Text 'bart_the_wacky@hotmail.com' is set on object 'Object Repository/Page_Log in to Docker/input_Docker ID_nw_username'

2019-07-23 08:55:20 - [TEST_STEP][PASSED] - setEncryptedText(findTestObject("Object Repository/Page_Log in to Docker/input_Password_nw_password"), "mvMLieaRys7gdrS5YCR2pQ=="): Text ****** has been set on object 'Object Repository/Page_Log in to Docker/input_Password_nw_password'

2019-07-23 08:55:21 - [MESSAGE][PASSED] - Text ****** has been set on object 'Object Repository/Page_Log in to Docker/input_Password_nw_password'

2019-07-23 08:55:21 - [TEST_STEP][PASSED] - click(findTestObject("Object Repository/Page_Log in to Docker/button_Sign In")): Object: 'Object Repository/Page_Log in to Docker/button_Sign In' is clicked on

2019-07-23 08:55:22 - [MESSAGE][PASSED] - Object: 'Object Repository/Page_Log in to Docker/button_Sign In' is clicked on

2019-07-23 08:55:22 - [TEST_STEP][PASSED] - waitForPageLoad(3): Wait for page load successfully

2019-07-23 08:55:31 - [MESSAGE][PASSED] - Wait for page load successfully

2019-07-23 08:55:31 - [TEST_STEP][PASSED] - takeScreenshot("Reports/screenshots/chrome_checkpoint3.png"): Taking screenshot successfully

2019-07-23 08:55:31 - [MESSAGE][PASSED] - Taking screenshot successfully
[[ATTACHMENT|Reports/screenshots/chrome_checkpoint3.png]]

2019-07-23 08:55:32 - [TEST_STEP][PASSED] - click(findTestObject("Object Repository/Page_Docker Hub/span_squashtf_test")): Object: 'Object Repository/Page_Docker Hub/span_squashtf_test' is clicked on

2019-07-23 08:55:37 - [MESSAGE][PASSED] - Object: 'Object Repository/Page_Docker Hub/span_squashtf_test' is clicked on

2019-07-23 08:55:37 - [TEST_STEP][PASSED] - waitForPageLoad(5): Wait for page load successfully

2019-07-23 08:55:37 - [MESSAGE][PASSED] - Wait for page load successfully

2019-07-23 08:55:37 - [TEST_STEP][PASSED] - takeScreenshot("Reports/screenshots/chrome_checkpoint4.png"): Taking screenshot successfully

2019-07-23 08:55:38 - [MESSAGE][PASSED] - Taking screenshot successfully
[[ATTACHMENT|Reports/screenshots/chrome_checkpoint4.png]]

2019-07-23 08:55:38 - [TEST_STEP][PASSED] - closeBrowser(): Browser is closed

2019-07-23 08:55:39 - [MESSAGE][PASSED] - Browser is closed</system-out>
            <system-err></system-err>
        </testcase>
        <testcase name="Test Cases/test_case_chrome" classname="Test Cases/test_case_chrome" status="PASSED">
            <system-out>2019-07-23 08:55:41 - [TEST_CASE][PASSED] - Test Cases/test_case_chrome: Test Cases/test_case_chrome

2019-07-23 08:55:41 - [TEST_STEP][PASSED] - openBrowser("https://www.google.fr/"): Browser is opened with url: 'https://www.google.fr/'

2019-07-23 08:55:41 - [MESSAGE][INFO] - Starting 'Chrome' driver

2019-07-23 08:55:48 - [MESSAGE][PASSED] - Browser is opened with url: 'https://www.google.fr/'

2019-07-23 08:55:48 - [TEST_STEP][PASSED] - setText(findTestObject("Object Repository/Page_Google/input_Connexion_q"), "docker hub"): Text 'docker hub' is set on object 'Object Repository/Page_Google/input_Connexion_q'

2019-07-23 08:55:49 - [MESSAGE][PASSED] - Text 'docker hub' is set on object 'Object Repository/Page_Google/input_Connexion_q'

2019-07-23 08:55:49 - [TEST_STEP][PASSED] - click(findTestObject("Page_Google/bouton_recherche")): Object: 'Object Repository/Page_Google/bouton_recherche' is clicked on

2019-07-23 08:55:52 - [MESSAGE][PASSED] - Object: 'Object Repository/Page_Google/bouton_recherche' is clicked on

2019-07-23 08:55:52 - [TEST_STEP][PASSED] - click(findTestObject("Object Repository/Page_docker hub - Recherche Google/h3_Docker Hub")): Object: 'Object Repository/Page_docker hub - Recherche Google/h3_Docker Hub' is clicked on

2019-07-23 08:56:02 - [MESSAGE][PASSED] - Object: 'Object Repository/Page_docker hub - Recherche Google/h3_Docker Hub' is clicked on

2019-07-23 08:56:02 - [TEST_STEP][PASSED] - waitForPageLoad(3): Wait for page load successfully

2019-07-23 08:56:02 - [MESSAGE][PASSED] - Wait for page load successfully

2019-07-23 08:56:02 - [TEST_STEP][PASSED] - takeScreenshot("Reports/screenshots/chrome_checkpoint1.png"): Taking screenshot successfully

2019-07-23 08:56:03 - [MESSAGE][PASSED] - Taking screenshot successfully
[[ATTACHMENT|Reports/screenshots/chrome_checkpoint1.png]]

2019-07-23 08:56:03 - [TEST_STEP][PASSED] - click(findTestObject("Object Repository/Page_Docker Hub/div_Sign In")): Object: 'Object Repository/Page_Docker Hub/div_Sign In' is clicked on

2019-07-23 08:56:05 - [MESSAGE][PASSED] - Object: 'Object Repository/Page_Docker Hub/div_Sign In' is clicked on

2019-07-23 08:56:05 - [TEST_STEP][PASSED] - waitForPageLoad(3): Wait for page load successfully

2019-07-23 08:56:05 - [MESSAGE][PASSED] - Wait for page load successfully

2019-07-23 08:56:05 - [TEST_STEP][PASSED] - takeScreenshot("Reports/screenshots/chrome_checkpoint2.png"): Taking screenshot successfully

2019-07-23 08:56:08 - [MESSAGE][PASSED] - Taking screenshot successfully
[[ATTACHMENT|Reports/screenshots/chrome_checkpoint2.png]]

2019-07-23 08:56:08 - [TEST_STEP][PASSED] - setText(findTestObject("Object Repository/Page_Log in to Docker/input_Docker ID_nw_username"), "bart_the_wacky@hotmail.com"): Text 'bart_the_wacky@hotmail.com' is set on object 'Object Repository/Page_Log in to Docker/input_Docker ID_nw_username'

2019-07-23 08:56:09 - [MESSAGE][PASSED] - Text 'bart_the_wacky@hotmail.com' is set on object 'Object Repository/Page_Log in to Docker/input_Docker ID_nw_username'

2019-07-23 08:56:09 - [TEST_STEP][PASSED] - setEncryptedText(findTestObject("Object Repository/Page_Log in to Docker/input_Password_nw_password"), "mvMLieaRys7gdrS5YCR2pQ=="): Text ****** has been set on object 'Object Repository/Page_Log in to Docker/input_Password_nw_password'

2019-07-23 08:56:10 - [MESSAGE][PASSED] - Text ****** has been set on object 'Object Repository/Page_Log in to Docker/input_Password_nw_password'

2019-07-23 08:56:10 - [TEST_STEP][PASSED] - click(findTestObject("Object Repository/Page_Log in to Docker/button_Sign In")): Object: 'Object Repository/Page_Log in to Docker/button_Sign In' is clicked on

2019-07-23 08:56:11 - [MESSAGE][PASSED] - Object: 'Object Repository/Page_Log in to Docker/button_Sign In' is clicked on

2019-07-23 08:56:11 - [TEST_STEP][PASSED] - waitForPageLoad(3): Wait for page load successfully

2019-07-23 08:56:11 - [MESSAGE][PASSED] - Wait for page load successfully

2019-07-23 08:56:11 - [TEST_STEP][PASSED] - takeScreenshot("Reports/screenshots/chrome_checkpoint3.png"): Taking screenshot successfully

2019-07-23 08:56:20 - [MESSAGE][PASSED] - Taking screenshot successfully
[[ATTACHMENT|Reports/screenshots/chrome_checkpoint3.png]]

2019-07-23 08:56:20 - [TEST_STEP][PASSED] - click(findTestObject("Object Repository/Page_Docker Hub/span_squashtf_test")): Object: 'Object Repository/Page_Docker Hub/span_squashtf_test' is clicked on

2019-07-23 08:56:25 - [MESSAGE][PASSED] - Object: 'Object Repository/Page_Docker Hub/span_squashtf_test' is clicked on

2019-07-23 08:56:25 - [TEST_STEP][PASSED] - waitForPageLoad(5): Wait for page load successfully

2019-07-23 08:56:25 - [MESSAGE][PASSED] - Wait for page load successfully

2019-07-23 08:56:25 - [TEST_STEP][PASSED] - takeScreenshot("Reports/screenshots/chrome_checkpoint4.png"): Taking screenshot successfully

2019-07-23 08:56:27 - [MESSAGE][PASSED] - Taking screenshot successfully
[[ATTACHMENT|Reports/screenshots/chrome_checkpoint4.png]]

2019-07-23 08:56:27 - [TEST_STEP][PASSED] - closeBrowser(): Browser is closed

2019-07-23 08:56:28 - [MESSAGE][PASSED] - Browser is closed</system-out>
            <system-err></system-err>
        </testcase>
        <testcase name="Test Cases/test_case_chrome" classname="Test Cases/test_case_chrome" status="PASSED">
            <system-out>2019-07-23 08:56:30 - [TEST_CASE][PASSED] - Test Cases/test_case_chrome: Test Cases/test_case_chrome

2019-07-23 08:56:30 - [TEST_STEP][PASSED] - openBrowser("https://www.google.fr/"): Browser is opened with url: 'https://www.google.fr/'

2019-07-23 08:56:30 - [MESSAGE][INFO] - Starting 'Chrome' driver

2019-07-23 08:56:36 - [MESSAGE][PASSED] - Browser is opened with url: 'https://www.google.fr/'

2019-07-23 08:56:36 - [TEST_STEP][PASSED] - setText(findTestObject("Object Repository/Page_Google/input_Connexion_q"), "docker hub"): Text 'docker hub' is set on object 'Object Repository/Page_Google/input_Connexion_q'

2019-07-23 08:56:37 - [MESSAGE][PASSED] - Text 'docker hub' is set on object 'Object Repository/Page_Google/input_Connexion_q'

2019-07-23 08:56:37 - [TEST_STEP][PASSED] - click(findTestObject("Page_Google/bouton_recherche")): Object: 'Object Repository/Page_Google/bouton_recherche' is clicked on

2019-07-23 08:56:39 - [MESSAGE][PASSED] - Object: 'Object Repository/Page_Google/bouton_recherche' is clicked on

2019-07-23 08:56:39 - [TEST_STEP][PASSED] - click(findTestObject("Object Repository/Page_docker hub - Recherche Google/h3_Docker Hub")): Object: 'Object Repository/Page_docker hub - Recherche Google/h3_Docker Hub' is clicked on

2019-07-23 08:56:51 - [MESSAGE][PASSED] - Object: 'Object Repository/Page_docker hub - Recherche Google/h3_Docker Hub' is clicked on

2019-07-23 08:56:51 - [TEST_STEP][PASSED] - waitForPageLoad(3): Wait for page load successfully

2019-07-23 08:56:51 - [MESSAGE][PASSED] - Wait for page load successfully

2019-07-23 08:56:51 - [TEST_STEP][PASSED] - takeScreenshot("Reports/screenshots/chrome_checkpoint1.png"): Taking screenshot successfully

2019-07-23 08:56:51 - [MESSAGE][PASSED] - Taking screenshot successfully
[[ATTACHMENT|Reports/screenshots/chrome_checkpoint1.png]]

2019-07-23 08:56:51 - [TEST_STEP][PASSED] - click(findTestObject("Object Repository/Page_Docker Hub/div_Sign In")): Object: 'Object Repository/Page_Docker Hub/div_Sign In' is clicked on

2019-07-23 08:56:54 - [MESSAGE][PASSED] - Object: 'Object Repository/Page_Docker Hub/div_Sign In' is clicked on

2019-07-23 08:56:54 - [TEST_STEP][PASSED] - waitForPageLoad(3): Wait for page load successfully

2019-07-23 08:56:54 - [MESSAGE][PASSED] - Wait for page load successfully

2019-07-23 08:56:54 - [TEST_STEP][PASSED] - takeScreenshot("Reports/screenshots/chrome_checkpoint2.png"): Taking screenshot successfully

2019-07-23 08:56:57 - [MESSAGE][PASSED] - Taking screenshot successfully
[[ATTACHMENT|Reports/screenshots/chrome_checkpoint2.png]]

2019-07-23 08:56:57 - [TEST_STEP][PASSED] - setText(findTestObject("Object Repository/Page_Log in to Docker/input_Docker ID_nw_username"), "bart_the_wacky@hotmail.com"): Text 'bart_the_wacky@hotmail.com' is set on object 'Object Repository/Page_Log in to Docker/input_Docker ID_nw_username'

2019-07-23 08:56:58 - [MESSAGE][PASSED] - Text 'bart_the_wacky@hotmail.com' is set on object 'Object Repository/Page_Log in to Docker/input_Docker ID_nw_username'

2019-07-23 08:56:58 - [TEST_STEP][PASSED] - setEncryptedText(findTestObject("Object Repository/Page_Log in to Docker/input_Password_nw_password"), "mvMLieaRys7gdrS5YCR2pQ=="): Text ****** has been set on object 'Object Repository/Page_Log in to Docker/input_Password_nw_password'

2019-07-23 08:56:59 - [MESSAGE][PASSED] - Text ****** has been set on object 'Object Repository/Page_Log in to Docker/input_Password_nw_password'

2019-07-23 08:56:59 - [TEST_STEP][PASSED] - click(findTestObject("Object Repository/Page_Log in to Docker/button_Sign In")): Object: 'Object Repository/Page_Log in to Docker/button_Sign In' is clicked on

2019-07-23 08:56:59 - [MESSAGE][PASSED] - Object: 'Object Repository/Page_Log in to Docker/button_Sign In' is clicked on

2019-07-23 08:56:59 - [TEST_STEP][PASSED] - waitForPageLoad(3): Wait for page load successfully

2019-07-23 08:57:09 - [MESSAGE][PASSED] - Wait for page load successfully

2019-07-23 08:57:09 - [TEST_STEP][PASSED] - takeScreenshot("Reports/screenshots/chrome_checkpoint3.png"): Taking screenshot successfully

2019-07-23 08:57:10 - [MESSAGE][PASSED] - Taking screenshot successfully
[[ATTACHMENT|Reports/screenshots/chrome_checkpoint3.png]]

2019-07-23 08:57:10 - [TEST_STEP][PASSED] - click(findTestObject("Object Repository/Page_Docker Hub/span_squashtf_test")): Object: 'Object Repository/Page_Docker Hub/span_squashtf_test' is clicked on

2019-07-23 08:57:16 - [MESSAGE][PASSED] - Object: 'Object Repository/Page_Docker Hub/span_squashtf_test' is clicked on

2019-07-23 08:57:16 - [TEST_STEP][PASSED] - waitForPageLoad(5): Wait for page load successfully

2019-07-23 08:57:16 - [MESSAGE][PASSED] - Wait for page load successfully

2019-07-23 08:57:16 - [TEST_STEP][PASSED] - takeScreenshot("Reports/screenshots/chrome_checkpoint4.png"): Taking screenshot successfully

2019-07-23 08:57:17 - [MESSAGE][PASSED] - Taking screenshot successfully
[[ATTACHMENT|Reports/screenshots/chrome_checkpoint4.png]]

2019-07-23 08:57:17 - [TEST_STEP][PASSED] - closeBrowser(): Browser is closed

2019-07-23 08:57:18 - [MESSAGE][PASSED] - Browser is closed</system-out>
            <system-err></system-err>
        </testcase>
        <system-out>2019-07-23 08:54:40 - [TEST_SUITE][INCOMPLETE] - test_init: null</system-out>
        <system-err>2019-07-23 08:54:40 - [TEST_SUITE][INCOMPLETE] - test_init: null</system-err>
    </testsuite>
</testsuites>
