<?xml version="1.0" encoding="UTF-8" standalone="yes"?>
<testsuites name="test_init" time="167" tests="3" failures="0" errors="0">
    <testsuite name="test_init" tests="3" failures="0" errors="0" time="167" timestamp="2019-07-23 09:32:10" hostname="jenkins - 56a4f166d459" id="Test Suites/test_init">
        <properties>
            <property name="deviceName" value=""/>
            <property name="devicePlatform" value=""/>
            <property name="logFolder" value="/var/jenkins_home/workspace/test_job/test_auto/Reports/test_init/20190723_093158"/>
            <property name="logFiles" value="/var/jenkins_home/workspace/test_job/test_auto/Reports/test_init/20190723_093158/execution0.log"/>
            <property name="attachments" value="Reports/screenshots/chrome_checkpoint1.png, Reports/screenshots/chrome_checkpoint2.png, Reports/screenshots/chrome_checkpoint3.png, Reports/screenshots/chrome_checkpoint4.png, Reports/screenshots/chrome_checkpoint1.png, Reports/screenshots/chrome_checkpoint2.png, Reports/screenshots/chrome_checkpoint3.png, Reports/screenshots/chrome_checkpoint4.png, Reports/screenshots/chrome_checkpoint1.png, Reports/screenshots/chrome_checkpoint2.png, Reports/screenshots/chrome_checkpoint3.png, Reports/screenshots/chrome_checkpoint4.png"/>
            <property name="hostName" value="jenkins - 56a4f166d459"/>
            <property name="os" value="Linux 64bit"/>
            <property name="katalonVersion" value="6.2.1.2"/>
            <property name="browser" value="Chrome 75.0.3770.142"/>
            <property name="hostAddress" value="172.17.0.3"/>
            <property name="sessionId" value="d64024a5c00f49de3d2612a53e816301"/>
            <property name="seleniumVersion" value="3.141.59"/>
            <property name="proxyInformation" value="ProxyInformation{proxyOption=NO_PROXY, proxyServerType=HTTP, password=, proxyServerAddress=, proxyServerPort=0}"/>
            <property name="platform" value="Linux"/>
        </properties>
        <testcase name="Test Cases/test_case_chrome" classname="Test Cases/test_case_chrome" status="PASSED">
            <system-out>2019-07-23 09:32:11 - [TEST_CASE][PASSED] - Test Cases/test_case_chrome: Test Cases/test_case_chrome

2019-07-23 09:32:14 - [TEST_STEP][PASSED] - openBrowser("https://www.google.fr/"): Browser is opened with url: 'https://www.google.fr/'

2019-07-23 09:32:15 - [MESSAGE][INFO] - Starting 'Chrome' driver

2019-07-23 09:32:15 - [MESSAGE][INFO] - Action delay is set to 0 seconds

2019-07-23 09:32:26 - [MESSAGE][PASSED] - Browser is opened with url: 'https://www.google.fr/'

2019-07-23 09:32:26 - [TEST_STEP][PASSED] - setText(findTestObject("Object Repository/Page_Google/input_Connexion_q"), "docker hub"): Text 'docker hub' is set on object 'Object Repository/Page_Google/input_Connexion_q'

2019-07-23 09:32:28 - [MESSAGE][PASSED] - Text 'docker hub' is set on object 'Object Repository/Page_Google/input_Connexion_q'

2019-07-23 09:32:28 - [TEST_STEP][PASSED] - click(findTestObject("Page_Google/bouton_recherche")): Object: 'Object Repository/Page_Google/bouton_recherche' is clicked on

2019-07-23 09:32:31 - [MESSAGE][PASSED] - Object: 'Object Repository/Page_Google/bouton_recherche' is clicked on

2019-07-23 09:32:31 - [TEST_STEP][PASSED] - click(findTestObject("Object Repository/Page_docker hub - Recherche Google/h3_Docker Hub")): Object: 'Object Repository/Page_docker hub - Recherche Google/h3_Docker Hub' is clicked on

2019-07-23 09:32:41 - [MESSAGE][PASSED] - Object: 'Object Repository/Page_docker hub - Recherche Google/h3_Docker Hub' is clicked on

2019-07-23 09:32:41 - [TEST_STEP][PASSED] - waitForPageLoad(5): Wait for page load successfully

2019-07-23 09:32:42 - [MESSAGE][PASSED] - Wait for page load successfully

2019-07-23 09:32:42 - [TEST_STEP][PASSED] - takeScreenshot("Reports/screenshots/chrome_checkpoint1.png"): Taking screenshot successfully

2019-07-23 09:32:43 - [MESSAGE][PASSED] - Taking screenshot successfully
[[ATTACHMENT|Reports/screenshots/chrome_checkpoint1.png]]

2019-07-23 09:32:43 - [TEST_STEP][PASSED] - click(findTestObject("Object Repository/Page_Docker Hub/div_Sign In")): Object: 'Object Repository/Page_Docker Hub/div_Sign In' is clicked on

2019-07-23 09:32:45 - [MESSAGE][PASSED] - Object: 'Object Repository/Page_Docker Hub/div_Sign In' is clicked on

2019-07-23 09:32:45 - [TEST_STEP][PASSED] - waitForPageLoad(5): Wait for page load successfully

2019-07-23 09:32:46 - [MESSAGE][PASSED] - Wait for page load successfully

2019-07-23 09:32:46 - [TEST_STEP][PASSED] - takeScreenshot("Reports/screenshots/chrome_checkpoint2.png"): Taking screenshot successfully

2019-07-23 09:32:49 - [MESSAGE][PASSED] - Taking screenshot successfully
[[ATTACHMENT|Reports/screenshots/chrome_checkpoint2.png]]

2019-07-23 09:32:49 - [TEST_STEP][PASSED] - setText(findTestObject("Object Repository/Page_Log in to Docker/input_Docker ID_nw_username"), "bart_the_wacky@hotmail.com"): Text 'bart_the_wacky@hotmail.com' is set on object 'Object Repository/Page_Log in to Docker/input_Docker ID_nw_username'

2019-07-23 09:32:50 - [MESSAGE][PASSED] - Text 'bart_the_wacky@hotmail.com' is set on object 'Object Repository/Page_Log in to Docker/input_Docker ID_nw_username'

2019-07-23 09:32:50 - [TEST_STEP][PASSED] - setEncryptedText(findTestObject("Object Repository/Page_Log in to Docker/input_Password_nw_password"), "mvMLieaRys7gdrS5YCR2pQ=="): Text ****** has been set on object 'Object Repository/Page_Log in to Docker/input_Password_nw_password'

2019-07-23 09:32:50 - [MESSAGE][PASSED] - Text ****** has been set on object 'Object Repository/Page_Log in to Docker/input_Password_nw_password'

2019-07-23 09:32:51 - [TEST_STEP][PASSED] - click(findTestObject("Object Repository/Page_Log in to Docker/button_Sign In")): Object: 'Object Repository/Page_Log in to Docker/button_Sign In' is clicked on

2019-07-23 09:32:51 - [MESSAGE][PASSED] - Object: 'Object Repository/Page_Log in to Docker/button_Sign In' is clicked on

2019-07-23 09:32:51 - [TEST_STEP][PASSED] - waitForPageLoad(10): Wait for page load successfully

2019-07-23 09:32:51 - [MESSAGE][PASSED] - Wait for page load successfully

2019-07-23 09:32:51 - [TEST_STEP][PASSED] - takeScreenshot("Reports/screenshots/chrome_checkpoint3.png"): Taking screenshot successfully

2019-07-23 09:33:03 - [MESSAGE][PASSED] - Taking screenshot successfully
[[ATTACHMENT|Reports/screenshots/chrome_checkpoint3.png]]

2019-07-23 09:33:03 - [TEST_STEP][PASSED] - click(findTestObject("Object Repository/Page_Docker Hub/span_squashtf_test")): Object: 'Object Repository/Page_Docker Hub/span_squashtf_test' is clicked on

2019-07-23 09:33:09 - [MESSAGE][PASSED] - Object: 'Object Repository/Page_Docker Hub/span_squashtf_test' is clicked on

2019-07-23 09:33:09 - [TEST_STEP][PASSED] - waitForPageLoad(10): Wait for page load successfully

2019-07-23 09:33:10 - [MESSAGE][PASSED] - Wait for page load successfully

2019-07-23 09:33:10 - [TEST_STEP][PASSED] - takeScreenshot("Reports/screenshots/chrome_checkpoint4.png"): Taking screenshot successfully

2019-07-23 09:33:12 - [MESSAGE][PASSED] - Taking screenshot successfully
[[ATTACHMENT|Reports/screenshots/chrome_checkpoint4.png]]

2019-07-23 09:33:12 - [TEST_STEP][PASSED] - closeBrowser(): Browser is closed

2019-07-23 09:33:13 - [MESSAGE][PASSED] - Browser is closed</system-out>
            <system-err></system-err>
        </testcase>
        <testcase name="Test Cases/test_case_chrome" classname="Test Cases/test_case_chrome" status="PASSED">
            <system-out>2019-07-23 09:33:15 - [TEST_CASE][PASSED] - Test Cases/test_case_chrome: Test Cases/test_case_chrome

2019-07-23 09:33:15 - [TEST_STEP][PASSED] - openBrowser("https://www.google.fr/"): Browser is opened with url: 'https://www.google.fr/'

2019-07-23 09:33:15 - [MESSAGE][INFO] - Starting 'Chrome' driver

2019-07-23 09:33:22 - [MESSAGE][PASSED] - Browser is opened with url: 'https://www.google.fr/'

2019-07-23 09:33:22 - [TEST_STEP][PASSED] - setText(findTestObject("Object Repository/Page_Google/input_Connexion_q"), "docker hub"): Text 'docker hub' is set on object 'Object Repository/Page_Google/input_Connexion_q'

2019-07-23 09:33:23 - [MESSAGE][PASSED] - Text 'docker hub' is set on object 'Object Repository/Page_Google/input_Connexion_q'

2019-07-23 09:33:23 - [TEST_STEP][PASSED] - click(findTestObject("Page_Google/bouton_recherche")): Object: 'Object Repository/Page_Google/bouton_recherche' is clicked on

2019-07-23 09:33:27 - [MESSAGE][PASSED] - Object: 'Object Repository/Page_Google/bouton_recherche' is clicked on

2019-07-23 09:33:27 - [TEST_STEP][PASSED] - click(findTestObject("Object Repository/Page_docker hub - Recherche Google/h3_Docker Hub")): Object: 'Object Repository/Page_docker hub - Recherche Google/h3_Docker Hub' is clicked on

2019-07-23 09:33:37 - [MESSAGE][PASSED] - Object: 'Object Repository/Page_docker hub - Recherche Google/h3_Docker Hub' is clicked on

2019-07-23 09:33:37 - [TEST_STEP][PASSED] - waitForPageLoad(5): Wait for page load successfully

2019-07-23 09:33:37 - [MESSAGE][PASSED] - Wait for page load successfully

2019-07-23 09:33:37 - [TEST_STEP][PASSED] - takeScreenshot("Reports/screenshots/chrome_checkpoint1.png"): Taking screenshot successfully

2019-07-23 09:33:37 - [MESSAGE][PASSED] - Taking screenshot successfully
[[ATTACHMENT|Reports/screenshots/chrome_checkpoint1.png]]

2019-07-23 09:33:37 - [TEST_STEP][PASSED] - click(findTestObject("Object Repository/Page_Docker Hub/div_Sign In")): Object: 'Object Repository/Page_Docker Hub/div_Sign In' is clicked on

2019-07-23 09:33:40 - [MESSAGE][PASSED] - Object: 'Object Repository/Page_Docker Hub/div_Sign In' is clicked on

2019-07-23 09:33:40 - [TEST_STEP][PASSED] - waitForPageLoad(5): Wait for page load successfully

2019-07-23 09:33:40 - [MESSAGE][PASSED] - Wait for page load successfully

2019-07-23 09:33:40 - [TEST_STEP][PASSED] - takeScreenshot("Reports/screenshots/chrome_checkpoint2.png"): Taking screenshot successfully

2019-07-23 09:33:43 - [MESSAGE][PASSED] - Taking screenshot successfully
[[ATTACHMENT|Reports/screenshots/chrome_checkpoint2.png]]

2019-07-23 09:33:43 - [TEST_STEP][PASSED] - setText(findTestObject("Object Repository/Page_Log in to Docker/input_Docker ID_nw_username"), "bart_the_wacky@hotmail.com"): Text 'bart_the_wacky@hotmail.com' is set on object 'Object Repository/Page_Log in to Docker/input_Docker ID_nw_username'

2019-07-23 09:33:44 - [MESSAGE][PASSED] - Text 'bart_the_wacky@hotmail.com' is set on object 'Object Repository/Page_Log in to Docker/input_Docker ID_nw_username'

2019-07-23 09:33:45 - [TEST_STEP][PASSED] - setEncryptedText(findTestObject("Object Repository/Page_Log in to Docker/input_Password_nw_password"), "mvMLieaRys7gdrS5YCR2pQ=="): Text ****** has been set on object 'Object Repository/Page_Log in to Docker/input_Password_nw_password'

2019-07-23 09:33:45 - [MESSAGE][PASSED] - Text ****** has been set on object 'Object Repository/Page_Log in to Docker/input_Password_nw_password'

2019-07-23 09:33:45 - [TEST_STEP][PASSED] - click(findTestObject("Object Repository/Page_Log in to Docker/button_Sign In")): Object: 'Object Repository/Page_Log in to Docker/button_Sign In' is clicked on

2019-07-23 09:33:46 - [MESSAGE][PASSED] - Object: 'Object Repository/Page_Log in to Docker/button_Sign In' is clicked on

2019-07-23 09:33:46 - [TEST_STEP][PASSED] - waitForPageLoad(10): Wait for page load successfully

2019-07-23 09:33:46 - [MESSAGE][PASSED] - Wait for page load successfully

2019-07-23 09:33:46 - [TEST_STEP][PASSED] - takeScreenshot("Reports/screenshots/chrome_checkpoint3.png"): Taking screenshot successfully

2019-07-23 09:33:56 - [MESSAGE][PASSED] - Taking screenshot successfully
[[ATTACHMENT|Reports/screenshots/chrome_checkpoint3.png]]

2019-07-23 09:33:56 - [TEST_STEP][PASSED] - click(findTestObject("Object Repository/Page_Docker Hub/span_squashtf_test")): Object: 'Object Repository/Page_Docker Hub/span_squashtf_test' is clicked on

2019-07-23 09:34:02 - [MESSAGE][PASSED] - Object: 'Object Repository/Page_Docker Hub/span_squashtf_test' is clicked on

2019-07-23 09:34:02 - [TEST_STEP][PASSED] - waitForPageLoad(10): Wait for page load successfully

2019-07-23 09:34:02 - [MESSAGE][PASSED] - Wait for page load successfully

2019-07-23 09:34:02 - [TEST_STEP][PASSED] - takeScreenshot("Reports/screenshots/chrome_checkpoint4.png"): Taking screenshot successfully

2019-07-23 09:34:04 - [MESSAGE][PASSED] - Taking screenshot successfully
[[ATTACHMENT|Reports/screenshots/chrome_checkpoint4.png]]

2019-07-23 09:34:04 - [TEST_STEP][PASSED] - closeBrowser(): Browser is closed

2019-07-23 09:34:04 - [MESSAGE][PASSED] - Browser is closed</system-out>
            <system-err></system-err>
        </testcase>
        <testcase name="Test Cases/test_case_chrome" classname="Test Cases/test_case_chrome" status="PASSED">
            <system-out>2019-07-23 09:34:06 - [TEST_CASE][PASSED] - Test Cases/test_case_chrome: Test Cases/test_case_chrome

2019-07-23 09:34:07 - [TEST_STEP][PASSED] - openBrowser("https://www.google.fr/"): Browser is opened with url: 'https://www.google.fr/'

2019-07-23 09:34:07 - [MESSAGE][INFO] - Starting 'Chrome' driver

2019-07-23 09:34:12 - [MESSAGE][PASSED] - Browser is opened with url: 'https://www.google.fr/'

2019-07-23 09:34:12 - [TEST_STEP][PASSED] - setText(findTestObject("Object Repository/Page_Google/input_Connexion_q"), "docker hub"): Text 'docker hub' is set on object 'Object Repository/Page_Google/input_Connexion_q'

2019-07-23 09:34:13 - [MESSAGE][PASSED] - Text 'docker hub' is set on object 'Object Repository/Page_Google/input_Connexion_q'

2019-07-23 09:34:13 - [TEST_STEP][PASSED] - click(findTestObject("Page_Google/bouton_recherche")): Object: 'Object Repository/Page_Google/bouton_recherche' is clicked on

2019-07-23 09:34:17 - [MESSAGE][PASSED] - Object: 'Object Repository/Page_Google/bouton_recherche' is clicked on

2019-07-23 09:34:17 - [TEST_STEP][PASSED] - click(findTestObject("Object Repository/Page_docker hub - Recherche Google/h3_Docker Hub")): Object: 'Object Repository/Page_docker hub - Recherche Google/h3_Docker Hub' is clicked on

2019-07-23 09:34:28 - [MESSAGE][PASSED] - Object: 'Object Repository/Page_docker hub - Recherche Google/h3_Docker Hub' is clicked on

2019-07-23 09:34:28 - [TEST_STEP][PASSED] - waitForPageLoad(5): Wait for page load successfully

2019-07-23 09:34:28 - [MESSAGE][PASSED] - Wait for page load successfully

2019-07-23 09:34:28 - [TEST_STEP][PASSED] - takeScreenshot("Reports/screenshots/chrome_checkpoint1.png"): Taking screenshot successfully

2019-07-23 09:34:29 - [MESSAGE][PASSED] - Taking screenshot successfully
[[ATTACHMENT|Reports/screenshots/chrome_checkpoint1.png]]

2019-07-23 09:34:29 - [TEST_STEP][PASSED] - click(findTestObject("Object Repository/Page_Docker Hub/div_Sign In")): Object: 'Object Repository/Page_Docker Hub/div_Sign In' is clicked on

2019-07-23 09:34:31 - [MESSAGE][PASSED] - Object: 'Object Repository/Page_Docker Hub/div_Sign In' is clicked on

2019-07-23 09:34:31 - [TEST_STEP][PASSED] - waitForPageLoad(5): Wait for page load successfully

2019-07-23 09:34:31 - [MESSAGE][PASSED] - Wait for page load successfully

2019-07-23 09:34:31 - [TEST_STEP][PASSED] - takeScreenshot("Reports/screenshots/chrome_checkpoint2.png"): Taking screenshot successfully

2019-07-23 09:34:34 - [MESSAGE][PASSED] - Taking screenshot successfully
[[ATTACHMENT|Reports/screenshots/chrome_checkpoint2.png]]

2019-07-23 09:34:34 - [TEST_STEP][PASSED] - setText(findTestObject("Object Repository/Page_Log in to Docker/input_Docker ID_nw_username"), "bart_the_wacky@hotmail.com"): Text 'bart_the_wacky@hotmail.com' is set on object 'Object Repository/Page_Log in to Docker/input_Docker ID_nw_username'

2019-07-23 09:34:35 - [MESSAGE][PASSED] - Text 'bart_the_wacky@hotmail.com' is set on object 'Object Repository/Page_Log in to Docker/input_Docker ID_nw_username'

2019-07-23 09:34:35 - [TEST_STEP][PASSED] - setEncryptedText(findTestObject("Object Repository/Page_Log in to Docker/input_Password_nw_password"), "mvMLieaRys7gdrS5YCR2pQ=="): Text ****** has been set on object 'Object Repository/Page_Log in to Docker/input_Password_nw_password'

2019-07-23 09:34:36 - [MESSAGE][PASSED] - Text ****** has been set on object 'Object Repository/Page_Log in to Docker/input_Password_nw_password'

2019-07-23 09:34:36 - [TEST_STEP][PASSED] - click(findTestObject("Object Repository/Page_Log in to Docker/button_Sign In")): Object: 'Object Repository/Page_Log in to Docker/button_Sign In' is clicked on

2019-07-23 09:34:37 - [MESSAGE][PASSED] - Object: 'Object Repository/Page_Log in to Docker/button_Sign In' is clicked on

2019-07-23 09:34:37 - [TEST_STEP][PASSED] - waitForPageLoad(10): Wait for page load successfully

2019-07-23 09:34:37 - [MESSAGE][PASSED] - Wait for page load successfully

2019-07-23 09:34:37 - [TEST_STEP][PASSED] - takeScreenshot("Reports/screenshots/chrome_checkpoint3.png"): Taking screenshot successfully

2019-07-23 09:34:45 - [MESSAGE][PASSED] - Taking screenshot successfully
[[ATTACHMENT|Reports/screenshots/chrome_checkpoint3.png]]

2019-07-23 09:34:45 - [TEST_STEP][PASSED] - click(findTestObject("Object Repository/Page_Docker Hub/span_squashtf_test")): Object: 'Object Repository/Page_Docker Hub/span_squashtf_test' is clicked on

2019-07-23 09:34:53 - [MESSAGE][PASSED] - Object: 'Object Repository/Page_Docker Hub/span_squashtf_test' is clicked on

2019-07-23 09:34:53 - [TEST_STEP][PASSED] - waitForPageLoad(10): Wait for page load successfully

2019-07-23 09:34:53 - [MESSAGE][PASSED] - Wait for page load successfully

2019-07-23 09:34:53 - [TEST_STEP][PASSED] - takeScreenshot("Reports/screenshots/chrome_checkpoint4.png"): Taking screenshot successfully

2019-07-23 09:34:55 - [MESSAGE][PASSED] - Taking screenshot successfully
[[ATTACHMENT|Reports/screenshots/chrome_checkpoint4.png]]

2019-07-23 09:34:55 - [TEST_STEP][PASSED] - closeBrowser(): Browser is closed

2019-07-23 09:34:56 - [MESSAGE][PASSED] - Browser is closed</system-out>
            <system-err></system-err>
        </testcase>
        <system-out>2019-07-23 09:32:10 - [TEST_SUITE][INCOMPLETE] - test_init: null</system-out>
        <system-err>2019-07-23 09:32:10 - [TEST_SUITE][INCOMPLETE] - test_init: null</system-err>
    </testsuite>
</testsuites>
